[    2503ms] [WARNING] NotSupportedError: Failed to execute 'define' on 'CustomElementRegistry': the name "modal-template" has already been used with this registry
    at customElements.define (https://archive.org/details/internationalfin0000melv_t7z2:48:38)
    at https://archive.org/includes/build/js/details-bookreader.min.js?v=694492a3:6:8000
    at https://archive.org/includes/build/js/details-bookreader.min.js?v=694492a3:6:8015
    at Y (https://archive.org/includes/build/js/details-bookreader.min.js?v=694492a3:2:2698)
    at https://archive.org/includes/build/js/details-bookreader.min.js?v=694492a3:10373:64
    at https://archive.org/includes/build/js/details-bookreader.min.js?v=694492a3:10716:932 @ https://archive.org/includes/build/js/ia-sentry.min.js?v=694492a3:17
[    2504ms] [WARNING] NotSupportedError: Failed to execute 'define' on 'CustomElementRegistry': the name "modal-manager" has already been used with this registry
    at customElements.define (https://archive.org/details/internationalfin0000melv_t7z2:48:38)
    at https://archive.org/includes/build/js/details-bookreader.min.js?v=694492a3:6:8000
    at https://archive.org/includes/build/js/details-bookreader.min.js?v=694492a3:6:8015
    at Y (https://archive.org/includes/build/js/details-bookreader.min.js?v=694492a3:2:2698)
    at https://archive.org/includes/build/js/details-bookreader.min.js?v=694492a3:10410:255
    at https://archive.org/includes/build/js/details-bookreader.min.js?v=694492a3:10716:932 @ https://archive.org/includes/build/js/ia-sentry.min.js?v=694492a3:17
[    2648ms] [WARNING] [npm] %cdeprecated%c bootstrap@3.4.1: This version of Bootstrap is no longer supported. Please upgrade to the latest version. color:red  @ https://archive.org/includes/build/js/ia-sentry.min.js?v=694492a3:17
[    2794ms] [WARNING] NotSupportedError: Failed to execute 'define' on 'CustomElementRegistry': the name "ia-activity-indicator" has already been used with this registry
    at customElements.define (https://archive.org/details/internationalfin0000melv_t7z2:48:38)
    at https://archive.org/includes/build/js/details-bookreader.min.js?v=694492a3:2063:31
    at https://archive.org/includes/build/js/details-bookreader.min.js?v=694492a3:2:708
    at https://archive.org/includes/build/js/details-bookreader.min.js?v=694492a3:2113:140
    at https://archive.org/includes/build/js/details-bookreader.min.js?v=694492a3:2:708
    at https://archive.org/includes/build/js/details-bookreader.min.js?v=694492a3:4066:124
    at https://archive.org/includes/build/js/details-bookreader.min.js?v=694492a3:2:708
    at https://archive.org/includes/build/js/details-bookreader.min.js?v=694492a3:10707:1321 @ https://archive.org/includes/build/js/ia-sentry.min.js?v=694492a3:17
[    2795ms] [WARNING] NotSupportedError: Failed to execute 'define' on 'CustomElementRegistry': the name "ia-icon-close" has already been used with this registry
    at customElements.define (https://archive.org/details/internationalfin0000melv_t7z2:48:38)
    at https://archive.org/includes/build/js/details-bookreader.min.js?v=694492a3:2084:43
    at https://archive.org/includes/build/js/details-bookreader.min.js?v=694492a3:2:708
    at https://archive.org/includes/build/js/details-bookreader.min.js?v=694492a3:2113:145
    at https://archive.org/includes/build/js/details-bookreader.min.js?v=694492a3:2:708
    at https://archive.org/includes/build/js/details-bookreader.min.js?v=694492a3:4066:124
    at https://archive.org/includes/build/js/details-bookreader.min.js?v=694492a3:2:708
    at https://archive.org/includes/build/js/details-bookreader.min.js?v=694492a3:10707:1321 @ https://archive.org/includes/build/js/ia-sentry.min.js?v=694492a3:17
[    2795ms] [WARNING] NotSupportedError: Failed to execute 'define' on 'CustomElementRegistry': the name "modal-template" has already been used with this registry
    at customElements.define (https://archive.org/details/internationalfin0000melv_t7z2:48:38)
    at https://archive.org/includes/build/js/details-bookreader.min.js?v=694492a3:6:8000
    at https://archive.org/includes/build/js/details-bookreader.min.js?v=694492a3:6:8015
    at Y (https://archive.org/includes/build/js/details-bookreader.min.js?v=694492a3:2:2698)
    at https://archive.org/includes/build/js/details-bookreader.min.js?v=694492a3:2303:64
    at https://archive.org/includes/build/js/details-bookreader.min.js?v=694492a3:2:708
    at https://archive.org/includes/build/js/details-bookreader.min.js?v=694492a3:4066:124
    at https://archive.org/includes/build/js/details-bookreader.min.js?v=694492a3:2:708
    at https://archive.org/includes/build/js/details-bookreader.min.js?v=694492a3:10707:1321 @ https://archive.org/includes/build/js/ia-sentry.min.js?v=694492a3:17
[    2796ms] [WARNING] NotSupportedError: Failed to execute 'define' on 'CustomElementRegistry': the name "modal-manager" has already been used with this registry
    at customElements.define (https://archive.org/details/internationalfin0000melv_t7z2:48:38)
    at https://archive.org/includes/build/js/details-bookreader.min.js?v=694492a3:6:8000
    at https://archive.org/includes/build/js/details-bookreader.min.js?v=694492a3:6:8015
    at Y (https://archive.org/includes/build/js/details-bookreader.min.js?v=694492a3:2:2698)
    at https://archive.org/includes/build/js/details-bookreader.min.js?v=694492a3:2339:255
    at https://archive.org/includes/build/js/details-bookreader.min.js?v=694492a3:2:708
    at https://archive.org/includes/build/js/details-bookreader.min.js?v=694492a3:4066:124
    at https://archive.org/includes/build/js/details-bookreader.min.js?v=694492a3:2:708
    at https://archive.org/includes/build/js/details-bookreader.min.js?v=694492a3:10707:1321 @ https://archive.org/includes/build/js/ia-sentry.min.js?v=694492a3:17
[    2796ms] [WARNING] NotSupportedError: Failed to execute 'define' on 'CustomElementRegistry': the name "iaux-in-share-panel" has already been used with this registry
    at customElements.define (https://archive.org/details/internationalfin0000melv_t7z2:48:38)
    at https://archive.org/includes/build/js/details-bookreader.min.js?v=694492a3:6:8000
    at https://archive.org/includes/build/js/details-bookreader.min.js?v=694492a3:6:8015
    at Y (https://archive.org/includes/build/js/details-bookreader.min.js?v=694492a3:2:2698)
    at https://archive.org/includes/build/js/details-bookreader.min.js?v=694492a3:2538:525
    at https://archive.org/includes/build/js/details-bookreader.min.js?v=694492a3:2:708
    at https://archive.org/includes/build/js/details-bookreader.min.js?v=694492a3:4066:144
    at https://archive.org/includes/build/js/details-bookreader.min.js?v=694492a3:2:708
    at https://archive.org/includes/build/js/details-bookreader.min.js?v=694492a3:10707:1321 @ https://archive.org/includes/build/js/ia-sentry.min.js?v=694492a3:17
[    2797ms] [WARNING] NotSupportedError: Failed to execute 'define' on 'CustomElementRegistry': the name "iaux-in-sort-files-button" has already been used with this registry
    at customElements.define (https://archive.org/details/internationalfin0000melv_t7z2:48:38)
    at https://archive.org/includes/build/js/details-bookreader.min.js?v=694492a3:6:8000
    at https://archive.org/includes/build/js/details-bookreader.min.js?v=694492a3:6:8015
    at Y (https://archive.org/includes/build/js/details-bookreader.min.js?v=694492a3:2:2698)
    at https://archive.org/includes/build/js/details-bookreader.min.js?v=694492a3:2663:195
    at https://archive.org/includes/build/js/details-bookreader.min.js?v=694492a3:2:708
    at https://archive.org/includes/build/js/details-bookreader.min.js?v=694492a3:4066:149
    at https://archive.org/includes/build/js/details-bookreader.min.js?v=694492a3:2:708
    at https://archive.org/includes/build/js/details-bookreader.min.js?v=694492a3:10707:1321 @ https://archive.org/includes/build/js/ia-sentry.min.js?v=694492a3:17
[    2798ms] [WARNING] NotSupportedError: Failed to execute 'define' on 'CustomElementRegistry': the name "iaux-in-viewable-files-panel" has already been used with this registry
    at customElements.define (https://archive.org/details/internationalfin0000melv_t7z2:48:38)
    at https://archive.org/includes/build/js/details-bookreader.min.js?v=694492a3:6:8000
    at https://archive.org/includes/build/js/details-bookreader.min.js?v=694492a3:6:8015
    at Y (https://archive.org/includes/build/js/details-bookreader.min.js?v=694492a3:2:2698)
    at https://archive.org/includes/build/js/details-bookreader.min.js?v=694492a3:2803:301
    at https://archive.org/includes/build/js/details-bookreader.min.js?v=694492a3:2:708
    at https://archive.org/includes/build/js/details-bookreader.min.js?v=694492a3:4066:149
    at https://archive.org/includes/build/js/details-bookreader.min.js?v=694492a3:2:708
    at https://archive.org/includes/build/js/details-bookreader.min.js?v=694492a3:10707:1321 @ https://archive.org/includes/build/js/ia-sentry.min.js?v=694492a3:17
[    2803ms] [WARNING] NotSupportedError: Failed to execute 'define' on 'CustomElementRegistry': the name "modal-template" has already been used with this registry
    at customElements.define (https://archive.org/details/internationalfin0000melv_t7z2:48:38)
    at https://archive.org/includes/build/js/details-bookreader.min.js?v=694492a3:6:8000
    at https://archive.org/includes/build/js/details-bookreader.min.js?v=694492a3:6:8015
    at Y (https://archive.org/includes/build/js/details-bookreader.min.js?v=694492a3:2:2698)
    at https://archive.org/includes/build/js/details-bookreader.min.js?v=694492a3:6492:64
    at https://archive.org/includes/build/js/details-bookreader.min.js?v=694492a3:2:708
    at https://archive.org/includes/build/js/details-bookreader.min.js?v=694492a3:7151:87
    at https://archive.org/includes/build/js/details-bookreader.min.js?v=694492a3:2:708
    at https://archive.org/includes/build/js/details-bookreader.min.js?v=694492a3:7151:202
    at https://archive.org/includes/build/js/details-bookreader.min.js?v=694492a3:2:708
    at https://archive.org/includes/build/js/details-bookreader.min.js?v=694492a3:10707:1535
    at async Promise.all (index 0) @ https://archive.org/includes/build/js/ia-sentry.min.js?v=694492a3:17
[    2803ms] [WARNING] NotSupportedError: Failed to execute 'define' on 'CustomElementRegistry': the name "modal-manager" has already been used with this registry
    at customElements.define (https://archive.org/details/internationalfin0000melv_t7z2:48:38)
    at https://archive.org/includes/build/js/details-bookreader.min.js?v=694492a3:6:8000
    at https://archive.org/includes/build/js/details-bookreader.min.js?v=694492a3:6:8015
    at Y (https://archive.org/includes/build/js/details-bookreader.min.js?v=694492a3:2:2698)
    at https://archive.org/includes/build/js/details-bookreader.min.js?v=694492a3:6528:255
    at https://archive.org/includes/build/js/details-bookreader.min.js?v=694492a3:2:708
    at https://archive.org/includes/build/js/details-bookreader.min.js?v=694492a3:7151:87
    at https://archive.org/includes/build/js/details-bookreader.min.js?v=694492a3:2:708
    at https://archive.org/includes/build/js/details-bookreader.min.js?v=694492a3:7151:202
    at https://archive.org/includes/build/js/details-bookreader.min.js?v=694492a3:2:708
    at https://archive.org/includes/build/js/details-bookreader.min.js?v=694492a3:10707:1535
    at async Promise.all (index 0) @ https://archive.org/includes/build/js/ia-sentry.min.js?v=694492a3:17
